{"name": "Переход на страницу с формой регистрации через вкладку «Мой аккаунт» в навигационном меню", "status": "broken", "statusDetails": {"message": "selenium.common.exceptions.TimeoutException: Message: \nStacktrace:\n#0 0x5a401c1882ca <unknown>\n#1 0x5a401bc2f550 <unknown>\n#2 0x5a401bc810f0 <unknown>\n#3 0x5a401bc812e1 <unknown>\n#4 0x5a401bccf5e4 <unknown>\n#5 0x5a401bca6bed <unknown>\n#6 0x5a401bccc9e6 <unknown>\n#7 0x5a401bca6993 <unknown>\n#8 0x5a401bc72d6b <unknown>\n#9 0x5a401bc74141 <unknown>\n#10 0x5a401c14d2ab <unknown>\n#11 0x5a401c1510b9 <unknown>\n#12 0x5a401c134139 <unknown>\n#13 0x5a401c151c68 <unknown>\n#14 0x5a401c11860f <unknown>\n#15 0x5a401c1761f8 <unknown>\n#16 0x5a401c1763d6 <unknown>\n#17 0x5a401c1875e6 <unknown>\n#18 0x76138ff35aa4 <unknown>\n#19 0x76138ffc2a34 __clone", "trace": "browser = <selenium.webdriver.remote.webdriver.WebDriver (session=\"f2e9847166863935dafa147455b8c007\")>\n\n    @allure.title(\"Переход на страницу с формой регистрации через вкладку «Мой аккаунт» в навигационном меню\")\n    def test_open_registration_via_my_account(browser):\n        logging.info(\"Start test_open_registration_via_my_account\")\n    \n        open_main_page(browser)\n    \n>       check_reg_form(browser)\n\ntest_open_registration_via_my_account.py:14: \n_ _ _ _ _ _ _ _ _ _ _ _ _ _ _ _ _ _ _ _ _ _ _ _ _ _ _ _ _ _ _ _ _ _ _ _ _ _ _ _\n..\\..\\src\\actions\\reg_form.py:6: in check_reg_form\n    assert_text_in_element(browser, (By.XPATH, \"//h2[contains(@class, 'post-title')]\"), \"Регистрация\",\n..\\..\\src\\utils\\web_helpers\\assertions.py:19: in assert_text_in_element\n    el = WebDriverWait(browser, 30).until(\n_ _ _ _ _ _ _ _ _ _ _ _ _ _ _ _ _ _ _ _ _ _ _ _ _ _ _ _ _ _ _ _ _ _ _ _ _ _ _ _\n\nself = <selenium.webdriver.support.wait.WebDriverWait (session=\"f2e9847166863935dafa147455b8c007\")>\nmethod = <function visibility_of_element_located.<locals>._predicate at 0x0000023C486DC680>\nmessage = ''\n\n    def until(self, method: Callable[[D], Union[Literal[False], T]], message: str = \"\") -> T:\n        \"\"\"Wait until the method returns a value that is not False.\n    \n        Calls the method provided with the driver as an argument until the\n        return value does not evaluate to ``False``.\n    \n        Parameters:\n        -----------\n        method: callable(WebDriver)\n            - A callable object that takes a WebDriver instance as an argument.\n    \n        message: str\n            - Optional message for :exc:`TimeoutException`\n    \n        Return:\n        -------\n        object: T\n            - The result of the last call to `method`\n    \n        Raises:\n        -------\n        TimeoutException\n            - If 'method' does not return a truthy value within the WebDriverWait\n            object's timeout\n    \n        Example:\n        --------\n        >>> from selenium.webdriver.common.by import By\n        >>> from selenium.webdriver.support.ui import WebDriverWait\n        >>> from selenium.webdriver.support import expected_conditions as EC\n    \n        # Wait until an element is visible on the page\n        >>> wait = WebDriverWait(driver, 10)\n        >>> element = wait.until(EC.visibility_of_element_located((By.ID, \"exampleId\")))\n        >>> print(element.text)\n        \"\"\"\n        screen = None\n        stacktrace = None\n    \n        end_time = time.monotonic() + self._timeout\n        while True:\n            try:\n                value = method(self._driver)\n                if value:\n                    return value\n            except self._ignored_exceptions as exc:\n                screen = getattr(exc, \"screen\", None)\n                stacktrace = getattr(exc, \"stacktrace\", None)\n            if time.monotonic() > end_time:\n                break\n            time.sleep(self._poll)\n>       raise TimeoutException(message, screen, stacktrace)\nE       selenium.common.exceptions.TimeoutException: Message: \nE       Stacktrace:\nE       #0 0x5a401c1882ca <unknown>\nE       #1 0x5a401bc2f550 <unknown>\nE       #2 0x5a401bc810f0 <unknown>\nE       #3 0x5a401bc812e1 <unknown>\nE       #4 0x5a401bccf5e4 <unknown>\nE       #5 0x5a401bca6bed <unknown>\nE       #6 0x5a401bccc9e6 <unknown>\nE       #7 0x5a401bca6993 <unknown>\nE       #8 0x5a401bc72d6b <unknown>\nE       #9 0x5a401bc74141 <unknown>\nE       #10 0x5a401c14d2ab <unknown>\nE       #11 0x5a401c1510b9 <unknown>\nE       #12 0x5a401c134139 <unknown>\nE       #13 0x5a401c151c68 <unknown>\nE       #14 0x5a401c11860f <unknown>\nE       #15 0x5a401c1761f8 <unknown>\nE       #16 0x5a401c1763d6 <unknown>\nE       #17 0x5a401c1875e6 <unknown>\nE       #18 0x76138ff35aa4 <unknown>\nE       #19 0x76138ffc2a34 __clone\n\n..\\..\\.venv\\Lib\\site-packages\\selenium\\webdriver\\support\\wait.py:138: TimeoutException"}, "steps": [{"name": "Открыть главную страницу сайта Pizzeria", "status": "passed", "start": 1757180711712, "stop": 1757180715880}, {"name": "Проверить, что отображается заголовок «Регистрация»", "status": "broken", "statusDetails": {"message": "selenium.common.exceptions.TimeoutException: Message: \nStacktrace:\n#0 0x5a401c1882ca <unknown>\n#1 0x5a401bc2f550 <unknown>\n#2 0x5a401bc810f0 <unknown>\n#3 0x5a401bc812e1 <unknown>\n#4 0x5a401bccf5e4 <unknown>\n#5 0x5a401bca6bed <unknown>\n#6 0x5a401bccc9e6 <unknown>\n#7 0x5a401bca6993 <unknown>\n#8 0x5a401bc72d6b <unknown>\n#9 0x5a401bc74141 <unknown>\n#10 0x5a401c14d2ab <unknown>\n#11 0x5a401c1510b9 <unknown>\n#12 0x5a401c134139 <unknown>\n#13 0x5a401c151c68 <unknown>\n#14 0x5a401c11860f <unknown>\n#15 0x5a401c1761f8 <unknown>\n#16 0x5a401c1763d6 <unknown>\n#17 0x5a401c1875e6 <unknown>\n#18 0x76138ff35aa4 <unknown>\n#19 0x76138ffc2a34 __clone\n\n", "trace": "  File \"C:\\Users\\Admin\\PycharmProjects\\PythonProject\\src\\utils\\web_helpers\\assertions.py\", line 19, in assert_text_in_element\n    el = WebDriverWait(browser, 30).until(\n        EC.visibility_of_element_located(locator)\n    )\n  File \"C:\\Users\\Admin\\PycharmProjects\\PythonProject\\.venv\\Lib\\site-packages\\selenium\\webdriver\\support\\wait.py\", line 138, in until\n    raise TimeoutException(message, screen, stacktrace)\n"}, "start": 1757180715880, "stop": 1757180746080}], "attachments": [{"name": "log", "source": "274727b6-3619-4265-856c-b7f98de66ba4-attachment.txt", "type": "text/plain"}, {"name": "stdout", "source": "f94665b1-8bfe-4194-9f46-33d6733070ce-attachment.txt", "type": "text/plain"}], "start": 1757180711710, "stop": 1757180746081, "uuid": "c02da2fb-faec-455f-a56e-5ff9fcce2e6d", "historyId": "d2782d898b36a9b8dd00580aec1a5154", "testCaseId": "d2782d898b36a9b8dd00580aec1a5154", "fullName": "tests.registration_form.test_open_registration_via_my_account#test_open_registration_via_my_account", "labels": [{"name": "parentSuite", "value": "tests.registration_form"}, {"name": "suite", "value": "test_open_registration_via_my_account"}, {"name": "host", "value": "DESKTOP-2SK90NU"}, {"name": "thread", "value": "13680-MainThread"}, {"name": "framework", "value": "pytest"}, {"name": "language", "value": "cpython3"}, {"name": "package", "value": "tests.registration_form.test_open_registration_via_my_account"}], "titlePath": ["tests", "registration_form", "test_open_registration_via_my_account.py"]}