{"name": "Регистрация в бонусной программе при пропуске обязательного поля", "status": "failed", "statusDetails": {"message": "AssertionError", "trace": "browser = <selenium.webdriver.remote.webdriver.WebDriver (session=\"f1d566f3cdebe47921d22a455fa03da1\")>\n\n    @allure.title(\"Регистрация в бонусной программе при пропуске обязательного поля\")\n    def test_register_in_loyalty_program_with_empty_field(browser):\n        logging.info(\"Start test_register_in_loyalty_program_with_empty_field\")\n    \n        open_main_page(browser)\n        open_loyalty_program_page(browser)\n        click_element(browser, (By.XPATH, \"//button[contains(@name, 'bonus')]\"), \"Нажать на кнопку  «Оформить карту»\")\n>       assert_text_in_element(browser, (By.XPATH, \"//div[contains(@id, 'bonus_content')]\"),\n                               'Поле \"Имя\" обязательно для заполнения Поле \"Телефон\" обязательно для заполнения',\n                               \"Проверить, что отображается текст\")\n\ntest_register_in_loyalty_program_with_empty_field.py:14: \n_ _ _ _ _ _ _ _ _ _ _ _ _ _ _ _ _ _ _ _ _ _ _ _ _ _ _ _ _ _ _ _ _ _ _ _ _ _ _ _\n\nbrowser = <selenium.webdriver.remote.webdriver.WebDriver (session=\"f1d566f3cdebe47921d22a455fa03da1\")>\nlocator = ('xpath', \"//div[contains(@id, 'bonus_content')]\")\ntext = 'Поле \"Имя\" обязательно для заполнения Поле \"Телефон\" обязательно для заполнения'\ndescription = 'Проверить, что отображается текст'\n\n    def assert_text_in_element(browser, locator, text, description):\n        logger.info(description)\n        with allure.step(description):\n            el = WebDriverWait(browser, 30).until(\n                EC.visibility_of_element_located(locator)\n            )\n            actual_text = el.text.strip().replace(\"\\xa0\", \" \")\n            expected_text = text.strip().replace(\"\\xa0\", \" \")\n    \n>           assert expected_text.lower() in actual_text.lower()\n                   ^^^^^^^^^^^^^^^^^^^^^^^^^^^^^^^^^^^^^^^^^^^^\nE           AssertionError\n\n..\\..\\src\\utils\\web_helpers\\assertions.py:25: AssertionError"}, "steps": [{"name": "Открыть главную страницу сайта Pizzeria", "status": "passed", "start": 1757611534817, "stop": 1757611537663}, {"name": "Открыть страницу бонусной программы", "status": "passed", "start": 1757611537663, "stop": 1757611538002}, {"name": "Нажать на кнопку  «Оформить карту»", "status": "passed", "start": 1757611538003, "stop": 1757611538080}, {"name": "Проверить, что отображается текст", "status": "failed", "statusDetails": {"message": "AssertionError\n", "trace": "  File \"C:\\Users\\Admin\\PycharmProjects\\PythonProject\\src\\utils\\web_helpers\\assertions.py\", line 25, in assert_text_in_element\n    assert expected_text.lower() in actual_text.lower()\n           ^^^^^^^^^^^^^^^^^^^^^^^^^^^^^^^^^^^^^^^^^^^^\n"}, "start": 1757611538080, "stop": 1757611538114}], "attachments": [{"name": "log", "source": "7afb1dd4-3c54-4ed2-b657-9b26998178c1-attachment.txt", "type": "text/plain"}, {"name": "stdout", "source": "77238580-b419-45a7-a6db-4f81ad775be6-attachment.txt", "type": "text/plain"}], "start": 1757611534816, "stop": 1757611538134, "uuid": "629dd591-92e1-4767-9f9e-b0897c4a0c58", "historyId": "32aeea2fa2043015690f3923fb016b4c", "testCaseId": "32aeea2fa2043015690f3923fb016b4c", "fullName": "tests.loyalty_program_page.test_register_in_loyalty_program_with_empty_field#test_register_in_loyalty_program_with_empty_field", "labels": [{"name": "parentSuite", "value": "tests.loyalty_program_page"}, {"name": "suite", "value": "test_register_in_loyalty_program_with_empty_field"}, {"name": "host", "value": "DESKTOP-2SK90NU"}, {"name": "thread", "value": "11384-MainThread"}, {"name": "framework", "value": "pytest"}, {"name": "language", "value": "cpython3"}, {"name": "package", "value": "tests.loyalty_program_page.test_register_in_loyalty_program_with_empty_field"}], "titlePath": ["tests", "loyalty_program_page", "test_register_in_loyalty_program_with_empty_field.py"]}