{"name": "Попытка оформить заказ неавторизованным пользователем", "status": "broken", "statusDetails": {"message": "selenium.common.exceptions.TimeoutException: Message: \nStacktrace:\n#0 0x6135ddabc2ca <unknown>\n#1 0x6135dd563550 <unknown>\n#2 0x6135dd5b50f0 <unknown>\n#3 0x6135dd5b52e1 <unknown>\n#4 0x6135dd6035e4 <unknown>\n#5 0x6135dd5dabed <unknown>\n#6 0x6135dd6009e6 <unknown>\n#7 0x6135dd5da993 <unknown>\n#8 0x6135dd5a6d6b <unknown>\n#9 0x6135dd5a8141 <unknown>\n#10 0x6135dda812ab <unknown>\n#11 0x6135dda850b9 <unknown>\n#12 0x6135dda68139 <unknown>\n#13 0x6135dda85c68 <unknown>\n#14 0x6135dda4c60f <unknown>\n#15 0x6135ddaaa1f8 <unknown>\n#16 0x6135ddaaa3d6 <unknown>\n#17 0x6135ddabb5e6 <unknown>\n#18 0x7a9c6a9a9aa4 <unknown>\n#19 0x7a9c6aa36a34 __clone", "trace": "browser = <selenium.webdriver.remote.webdriver.WebDriver (session=\"68537d51671ae410dd2a58b72d230685\")>\n\n    @allure.title(\"Попытка оформить заказ неавторизованным пользователем\")\n    def test_checkout_not_authorized_user(browser):\n        logging.info(\"Start test_checkout_not_authorized_user\")\n    \n        open_main_page(browser)\n        add_pizza_to_cart(browser, \"425\")\n        open_checkout_page(browser)\n>       assert_text_in_element(browser, (By.XPATH, \"(//div[contains(@class, 'woocommerce-info')])[1]\"),\n                               \"Зарегистрированы на сайте?\", \"Проверить, что отображается текст в сообщении\")\n\ntest_checkout_not_authorized_user.py:15: \n_ _ _ _ _ _ _ _ _ _ _ _ _ _ _ _ _ _ _ _ _ _ _ _ _ _ _ _ _ _ _ _ _ _ _ _ _ _ _ _\n..\\..\\src\\utils\\web_helpers\\assertions.py:19: in assert_text_in_element\n    el = WebDriverWait(browser, 30).until(\n_ _ _ _ _ _ _ _ _ _ _ _ _ _ _ _ _ _ _ _ _ _ _ _ _ _ _ _ _ _ _ _ _ _ _ _ _ _ _ _\n\nself = <selenium.webdriver.support.wait.WebDriverWait (session=\"68537d51671ae410dd2a58b72d230685\")>\nmethod = <function visibility_of_element_located.<locals>._predicate at 0x000001B5BFAAC9A0>\nmessage = ''\n\n    def until(self, method: Callable[[D], Union[Literal[False], T]], message: str = \"\") -> T:\n        \"\"\"Wait until the method returns a value that is not False.\n    \n        Calls the method provided with the driver as an argument until the\n        return value does not evaluate to ``False``.\n    \n        Parameters:\n        -----------\n        method: callable(WebDriver)\n            - A callable object that takes a WebDriver instance as an argument.\n    \n        message: str\n            - Optional message for :exc:`TimeoutException`\n    \n        Return:\n        -------\n        object: T\n            - The result of the last call to `method`\n    \n        Raises:\n        -------\n        TimeoutException\n            - If 'method' does not return a truthy value within the WebDriverWait\n            object's timeout\n    \n        Example:\n        --------\n        >>> from selenium.webdriver.common.by import By\n        >>> from selenium.webdriver.support.ui import WebDriverWait\n        >>> from selenium.webdriver.support import expected_conditions as EC\n    \n        # Wait until an element is visible on the page\n        >>> wait = WebDriverWait(driver, 10)\n        >>> element = wait.until(EC.visibility_of_element_located((By.ID, \"exampleId\")))\n        >>> print(element.text)\n        \"\"\"\n        screen = None\n        stacktrace = None\n    \n        end_time = time.monotonic() + self._timeout\n        while True:\n            try:\n                value = method(self._driver)\n                if value:\n                    return value\n            except self._ignored_exceptions as exc:\n                screen = getattr(exc, \"screen\", None)\n                stacktrace = getattr(exc, \"stacktrace\", None)\n            if time.monotonic() > end_time:\n                break\n            time.sleep(self._poll)\n>       raise TimeoutException(message, screen, stacktrace)\nE       selenium.common.exceptions.TimeoutException: Message: \nE       Stacktrace:\nE       #0 0x6135ddabc2ca <unknown>\nE       #1 0x6135dd563550 <unknown>\nE       #2 0x6135dd5b50f0 <unknown>\nE       #3 0x6135dd5b52e1 <unknown>\nE       #4 0x6135dd6035e4 <unknown>\nE       #5 0x6135dd5dabed <unknown>\nE       #6 0x6135dd6009e6 <unknown>\nE       #7 0x6135dd5da993 <unknown>\nE       #8 0x6135dd5a6d6b <unknown>\nE       #9 0x6135dd5a8141 <unknown>\nE       #10 0x6135dda812ab <unknown>\nE       #11 0x6135dda850b9 <unknown>\nE       #12 0x6135dda68139 <unknown>\nE       #13 0x6135dda85c68 <unknown>\nE       #14 0x6135dda4c60f <unknown>\nE       #15 0x6135ddaaa1f8 <unknown>\nE       #16 0x6135ddaaa3d6 <unknown>\nE       #17 0x6135ddabb5e6 <unknown>\nE       #18 0x7a9c6a9a9aa4 <unknown>\nE       #19 0x7a9c6aa36a34 __clone\n\n..\\..\\.venv\\Lib\\site-packages\\selenium\\webdriver\\support\\wait.py:138: TimeoutException"}, "steps": [{"name": "Открыть главную страницу сайта Pizzeria", "status": "passed", "start": 1757611255780, "stop": 1757611259028}, {"name": "Навести курсор на пиццу с ID 425", "status": "passed", "start": 1757611259028, "stop": 1757611259897}, {"name": "Нажать на кнопку «В корзину» для пиццы с ID 425", "status": "passed", "start": 1757611259897, "stop": 1757611259991}, {"name": "Открыть страницу оформления заказа", "status": "passed", "start": 1757611259991, "stop": 1757611260680}, {"name": "Проверить, что отображается текст в сообщении", "status": "broken", "statusDetails": {"message": "selenium.common.exceptions.TimeoutException: Message: \nStacktrace:\n#0 0x6135ddabc2ca <unknown>\n#1 0x6135dd563550 <unknown>\n#2 0x6135dd5b50f0 <unknown>\n#3 0x6135dd5b52e1 <unknown>\n#4 0x6135dd6035e4 <unknown>\n#5 0x6135dd5dabed <unknown>\n#6 0x6135dd6009e6 <unknown>\n#7 0x6135dd5da993 <unknown>\n#8 0x6135dd5a6d6b <unknown>\n#9 0x6135dd5a8141 <unknown>\n#10 0x6135dda812ab <unknown>\n#11 0x6135dda850b9 <unknown>\n#12 0x6135dda68139 <unknown>\n#13 0x6135dda85c68 <unknown>\n#14 0x6135dda4c60f <unknown>\n#15 0x6135ddaaa1f8 <unknown>\n#16 0x6135ddaaa3d6 <unknown>\n#17 0x6135ddabb5e6 <unknown>\n#18 0x7a9c6a9a9aa4 <unknown>\n#19 0x7a9c6aa36a34 __clone\n\n", "trace": "  File \"C:\\Users\\Admin\\PycharmProjects\\PythonProject\\src\\utils\\web_helpers\\assertions.py\", line 19, in assert_text_in_element\n    el = WebDriverWait(browser, 30).until(\n        EC.visibility_of_element_located(locator)\n    )\n  File \"C:\\Users\\Admin\\PycharmProjects\\PythonProject\\.venv\\Lib\\site-packages\\selenium\\webdriver\\support\\wait.py\", line 138, in until\n    raise TimeoutException(message, screen, stacktrace)\n"}, "start": 1757611260680, "stop": 1757611290862}], "attachments": [{"name": "log", "source": "96570e9f-56e0-4885-8d2b-96f080c6cb43-attachment.txt", "type": "text/plain"}, {"name": "stdout", "source": "90658dd3-654c-460b-af49-fa1fa608ddcc-attachment.txt", "type": "text/plain"}], "start": 1757611255780, "stop": 1757611290863, "uuid": "72dacc1e-8eaa-4798-b322-d4a6a5f0c062", "historyId": "662cd96a37b7323f11f6b0b68671a8b8", "testCaseId": "662cd96a37b7323f11f6b0b68671a8b8", "fullName": "tests.checkout_page.test_checkout_not_authorized_user#test_checkout_not_authorized_user", "labels": [{"name": "parentSuite", "value": "tests.checkout_page"}, {"name": "suite", "value": "test_checkout_not_authorized_user"}, {"name": "host", "value": "DESKTOP-2SK90NU"}, {"name": "thread", "value": "2724-MainThread"}, {"name": "framework", "value": "pytest"}, {"name": "language", "value": "cpython3"}, {"name": "package", "value": "tests.checkout_page.test_checkout_not_authorized_user"}], "titlePath": ["tests", "checkout_page", "test_checkout_not_authorized_user.py"]}