{"name": "Переход на страницу оформления заказа через корзину", "status": "broken", "statusDetails": {"message": "selenium.common.exceptions.TimeoutException: Message: \nStacktrace:\n#0 0x5fbfeb2e72ca <unknown>\n#1 0x5fbfead8e550 <unknown>\n#2 0x5fbfeade00f0 <unknown>\n#3 0x5fbfeade02e1 <unknown>\n#4 0x5fbfeae2e5e4 <unknown>\n#5 0x5fbfeae05bed <unknown>\n#6 0x5fbfeae2b9e6 <unknown>\n#7 0x5fbfeae05993 <unknown>\n#8 0x5fbfeadd1d6b <unknown>\n#9 0x5fbfeadd3141 <unknown>\n#10 0x5fbfeb2ac2ab <unknown>\n#11 0x5fbfeb2b00b9 <unknown>\n#12 0x5fbfeb293139 <unknown>\n#13 0x5fbfeb2b0c68 <unknown>\n#14 0x5fbfeb27760f <unknown>\n#15 0x5fbfeb2d51f8 <unknown>\n#16 0x5fbfeb2d53d6 <unknown>\n#17 0x5fbfeb2e65e6 <unknown>\n#18 0x77361542daa4 <unknown>\n#19 0x7736154baa34 __clone", "trace": "browser = <selenium.webdriver.remote.webdriver.WebDriver (session=\"3fa3b32b7cfa159925d1e2c87ed1446e\")>\n\n    @allure.title(\"Переход на страницу оформления заказа через корзину\")\n    def test_open_checkout_from_cart(browser):\n        logging.info(\"Start test_open_checkout_from_cart\")\n    \n        open_main_page(browser)\n        add_pizza_to_cart(browser, \"425\")\n        open_account_page(browser)\n        fill_auth_form(browser, \"rick deckard\", \"1234\")\n        click_element(browser, (By.XPATH, \"//button[contains(@name, 'login')]\"), \"Нажать на кнопку «Войти»\")\n        open_cart_page(browser)\n        click_element(browser, (By.XPATH, \"//a[contains(@class, 'checkout-button button alt wc-forward')]\"),\n                      \"Нажать на кнопку «Перейти к оплате»\")\n>       check_checkout_page(browser)\n\ntest_open_checkout_from_cart.py:21: \n_ _ _ _ _ _ _ _ _ _ _ _ _ _ _ _ _ _ _ _ _ _ _ _ _ _ _ _ _ _ _ _ _ _ _ _ _ _ _ _\n..\\..\\src\\actions\\checkout.py:9: in check_checkout_page\n    assert_text_in_element(browser, (By.XPATH, \"(//h3)[1]\"), \"Детали заказа\",\n..\\..\\src\\utils\\web_helpers\\assertions.py:19: in assert_text_in_element\n    el = WebDriverWait(browser, 30).until(\n_ _ _ _ _ _ _ _ _ _ _ _ _ _ _ _ _ _ _ _ _ _ _ _ _ _ _ _ _ _ _ _ _ _ _ _ _ _ _ _\n\nself = <selenium.webdriver.support.wait.WebDriverWait (session=\"3fa3b32b7cfa159925d1e2c87ed1446e\")>\nmethod = <function visibility_of_element_located.<locals>._predicate at 0x000001B5BFAACB80>\nmessage = ''\n\n    def until(self, method: Callable[[D], Union[Literal[False], T]], message: str = \"\") -> T:\n        \"\"\"Wait until the method returns a value that is not False.\n    \n        Calls the method provided with the driver as an argument until the\n        return value does not evaluate to ``False``.\n    \n        Parameters:\n        -----------\n        method: callable(WebDriver)\n            - A callable object that takes a WebDriver instance as an argument.\n    \n        message: str\n            - Optional message for :exc:`TimeoutException`\n    \n        Return:\n        -------\n        object: T\n            - The result of the last call to `method`\n    \n        Raises:\n        -------\n        TimeoutException\n            - If 'method' does not return a truthy value within the WebDriverWait\n            object's timeout\n    \n        Example:\n        --------\n        >>> from selenium.webdriver.common.by import By\n        >>> from selenium.webdriver.support.ui import WebDriverWait\n        >>> from selenium.webdriver.support import expected_conditions as EC\n    \n        # Wait until an element is visible on the page\n        >>> wait = WebDriverWait(driver, 10)\n        >>> element = wait.until(EC.visibility_of_element_located((By.ID, \"exampleId\")))\n        >>> print(element.text)\n        \"\"\"\n        screen = None\n        stacktrace = None\n    \n        end_time = time.monotonic() + self._timeout\n        while True:\n            try:\n                value = method(self._driver)\n                if value:\n                    return value\n            except self._ignored_exceptions as exc:\n                screen = getattr(exc, \"screen\", None)\n                stacktrace = getattr(exc, \"stacktrace\", None)\n            if time.monotonic() > end_time:\n                break\n            time.sleep(self._poll)\n>       raise TimeoutException(message, screen, stacktrace)\nE       selenium.common.exceptions.TimeoutException: Message: \nE       Stacktrace:\nE       #0 0x5fbfeb2e72ca <unknown>\nE       #1 0x5fbfead8e550 <unknown>\nE       #2 0x5fbfeade00f0 <unknown>\nE       #3 0x5fbfeade02e1 <unknown>\nE       #4 0x5fbfeae2e5e4 <unknown>\nE       #5 0x5fbfeae05bed <unknown>\nE       #6 0x5fbfeae2b9e6 <unknown>\nE       #7 0x5fbfeae05993 <unknown>\nE       #8 0x5fbfeadd1d6b <unknown>\nE       #9 0x5fbfeadd3141 <unknown>\nE       #10 0x5fbfeb2ac2ab <unknown>\nE       #11 0x5fbfeb2b00b9 <unknown>\nE       #12 0x5fbfeb293139 <unknown>\nE       #13 0x5fbfeb2b0c68 <unknown>\nE       #14 0x5fbfeb27760f <unknown>\nE       #15 0x5fbfeb2d51f8 <unknown>\nE       #16 0x5fbfeb2d53d6 <unknown>\nE       #17 0x5fbfeb2e65e6 <unknown>\nE       #18 0x77361542daa4 <unknown>\nE       #19 0x7736154baa34 __clone\n\n..\\..\\.venv\\Lib\\site-packages\\selenium\\webdriver\\support\\wait.py:138: TimeoutException"}, "steps": [{"name": "Открыть главную страницу сайта Pizzeria", "status": "passed", "start": 1757611291381, "stop": 1757611295107}, {"name": "Навести курсор на пиццу с ID 425", "status": "passed", "start": 1757611295107, "stop": 1757611295933}, {"name": "Нажать на кнопку «В корзину» для пиццы с ID 425", "status": "passed", "start": 1757611295933, "stop": 1757611296031}, {"name": "Открыть страницу аккаунта", "status": "passed", "start": 1757611296031, "stop": 1757611296646}, {"name": "Ввести имя пользователя", "status": "passed", "start": 1757611296646, "stop": 1757611296752}, {"name": "Ввести пароль", "status": "passed", "start": 1757611296752, "stop": 1757611296835}, {"name": "Нажать на кнопку «Войти»", "status": "passed", "start": 1757611296835, "stop": 1757611297150}, {"name": "Открыть страницу корзины", "status": "passed", "start": 1757611297151, "stop": 1757611297561}, {"name": "Нажать на кнопку «Перейти к оплате»", "status": "passed", "start": 1757611297561, "stop": 1757611298025}, {"name": "Проверить, что отображается заголовок «Оформление заказа»", "status": "passed", "start": 1757611298025, "stop": 1757611298061}, {"name": "Проверить, что отображается подзаголовок «Детали заказа»", "status": "broken", "statusDetails": {"message": "selenium.common.exceptions.TimeoutException: Message: \nStacktrace:\n#0 0x5fbfeb2e72ca <unknown>\n#1 0x5fbfead8e550 <unknown>\n#2 0x5fbfeade00f0 <unknown>\n#3 0x5fbfeade02e1 <unknown>\n#4 0x5fbfeae2e5e4 <unknown>\n#5 0x5fbfeae05bed <unknown>\n#6 0x5fbfeae2b9e6 <unknown>\n#7 0x5fbfeae05993 <unknown>\n#8 0x5fbfeadd1d6b <unknown>\n#9 0x5fbfeadd3141 <unknown>\n#10 0x5fbfeb2ac2ab <unknown>\n#11 0x5fbfeb2b00b9 <unknown>\n#12 0x5fbfeb293139 <unknown>\n#13 0x5fbfeb2b0c68 <unknown>\n#14 0x5fbfeb27760f <unknown>\n#15 0x5fbfeb2d51f8 <unknown>\n#16 0x5fbfeb2d53d6 <unknown>\n#17 0x5fbfeb2e65e6 <unknown>\n#18 0x77361542daa4 <unknown>\n#19 0x7736154baa34 __clone\n\n", "trace": "  File \"C:\\Users\\Admin\\PycharmProjects\\PythonProject\\src\\utils\\web_helpers\\assertions.py\", line 19, in assert_text_in_element\n    el = WebDriverWait(browser, 30).until(\n        EC.visibility_of_element_located(locator)\n    )\n  File \"C:\\Users\\Admin\\PycharmProjects\\PythonProject\\.venv\\Lib\\site-packages\\selenium\\webdriver\\support\\wait.py\", line 138, in until\n    raise TimeoutException(message, screen, stacktrace)\n"}, "start": 1757611298061, "stop": 1757611328097}], "attachments": [{"name": "log", "source": "72a42485-5e85-4287-9fbf-28454b72d225-attachment.txt", "type": "text/plain"}, {"name": "stdout", "source": "1946c388-f512-4cff-8fc6-da05be0547e8-attachment.txt", "type": "text/plain"}], "start": 1757611291380, "stop": 1757611328098, "uuid": "76412977-4ec7-4950-9b75-f3a7125113de", "historyId": "008ec3038197c2edf5c58ff0e635beae", "testCaseId": "008ec3038197c2edf5c58ff0e635beae", "fullName": "tests.checkout_page.test_open_checkout_from_cart#test_open_checkout_from_cart", "labels": [{"name": "parentSuite", "value": "tests.checkout_page"}, {"name": "suite", "value": "test_open_checkout_from_cart"}, {"name": "host", "value": "DESKTOP-2SK90NU"}, {"name": "thread", "value": "2724-MainThread"}, {"name": "framework", "value": "pytest"}, {"name": "language", "value": "cpython3"}, {"name": "package", "value": "tests.checkout_page.test_open_checkout_from_cart"}], "titlePath": ["tests", "checkout_page", "test_open_checkout_from_cart.py"]}