{"name": "Применение валидного промокода", "status": "broken", "statusDetails": {"message": "selenium.common.exceptions.TimeoutException: Message: \nStacktrace:\n#0 0x58edb23e72ca <unknown>\n#1 0x58edb1e8e550 <unknown>\n#2 0x58edb1ee00f0 <unknown>\n#3 0x58edb1ee02e1 <unknown>\n#4 0x58edb1f2e5e4 <unknown>\n#5 0x58edb1f05bed <unknown>\n#6 0x58edb1f2b9e6 <unknown>\n#7 0x58edb1f05993 <unknown>\n#8 0x58edb1ed1d6b <unknown>\n#9 0x58edb1ed3141 <unknown>\n#10 0x58edb23ac2ab <unknown>\n#11 0x58edb23b00b9 <unknown>\n#12 0x58edb2393139 <unknown>\n#13 0x58edb23b0c68 <unknown>\n#14 0x58edb237760f <unknown>\n#15 0x58edb23d51f8 <unknown>\n#16 0x58edb23d53d6 <unknown>\n#17 0x58edb23e65e6 <unknown>\n#18 0x74a766754aa4 <unknown>\n#19 0x74a7667e1a34 __clone", "trace": "browser = <selenium.webdriver.remote.webdriver.WebDriver (session=\"ff74f2c615ef60a21b42afff595a111b\")>\n\n    @allure.title(\"Применение валидного промокода\")\n    def test_apply_valid_promocode(browser):\n        logging.info(\"Start test_apply_valid_promocode\")\n    \n        open_main_page(browser)\n        add_pizza_to_cart(browser, \"425\")\n        open_account_page(browser)\n        fill_auth_form(browser, \"rick deckard\", \"1234\")\n        click_element(browser, (By.XPATH, \"//button[contains(@name, 'login')]\"), \"Нажать на кнопку «Войти»\")\n        open_checkout_page(browser)\n        click_element(browser, (By.XPATH, \"//a[contains(@class, 'showcoupon')]\"), \"Нажать на кнопку «Нажмите для ввода купона»\")\n        input_text(browser, (By.XPATH, \"//input[contains(@id, 'coupon_code')]\"), \"GIVEMEHALYAVA\", \"Ввести валидный промокод в поле для промокода\")\n        click_element(browser, (By.XPATH, \"//button[contains(@name, 'apply_coupon')]\"), \"Нажать на кнопку «Применить купон»\")\n        assert_text_in_element(browser, (By.XPATH, \"//div[contains(@class, 'woocommerce-message')]\"), \"Coupon code applied successfully\",\n                               \"Проверить, что отображается текст в сообщении\")\n>       assert_text_in_element(browser, (By.XPATH, \"//tr[contains(@class, 'cart-discount coupon-givemehalyava')]//th\"),\n                               \"Купон: givemehalyava\",\"Проверить, что отображается текст в сообщении\")\n\ntest_apply_valid_promocode.py:24: \n_ _ _ _ _ _ _ _ _ _ _ _ _ _ _ _ _ _ _ _ _ _ _ _ _ _ _ _ _ _ _ _ _ _ _ _ _ _ _ _\n..\\..\\src\\utils\\web_helpers\\assertions.py:19: in assert_text_in_element\n    el = WebDriverWait(browser, 30).until(\n_ _ _ _ _ _ _ _ _ _ _ _ _ _ _ _ _ _ _ _ _ _ _ _ _ _ _ _ _ _ _ _ _ _ _ _ _ _ _ _\n\nself = <selenium.webdriver.support.wait.WebDriverWait (session=\"ff74f2c615ef60a21b42afff595a111b\")>\nmethod = <function visibility_of_element_located.<locals>._predicate at 0x0000020C012E4C20>\nmessage = ''\n\n    def until(self, method: Callable[[D], Union[Literal[False], T]], message: str = \"\") -> T:\n        \"\"\"Wait until the method returns a value that is not False.\n    \n        Calls the method provided with the driver as an argument until the\n        return value does not evaluate to ``False``.\n    \n        Parameters:\n        -----------\n        method: callable(WebDriver)\n            - A callable object that takes a WebDriver instance as an argument.\n    \n        message: str\n            - Optional message for :exc:`TimeoutException`\n    \n        Return:\n        -------\n        object: T\n            - The result of the last call to `method`\n    \n        Raises:\n        -------\n        TimeoutException\n            - If 'method' does not return a truthy value within the WebDriverWait\n            object's timeout\n    \n        Example:\n        --------\n        >>> from selenium.webdriver.common.by import By\n        >>> from selenium.webdriver.support.ui import WebDriverWait\n        >>> from selenium.webdriver.support import expected_conditions as EC\n    \n        # Wait until an element is visible on the page\n        >>> wait = WebDriverWait(driver, 10)\n        >>> element = wait.until(EC.visibility_of_element_located((By.ID, \"exampleId\")))\n        >>> print(element.text)\n        \"\"\"\n        screen = None\n        stacktrace = None\n    \n        end_time = time.monotonic() + self._timeout\n        while True:\n            try:\n                value = method(self._driver)\n                if value:\n                    return value\n            except self._ignored_exceptions as exc:\n                screen = getattr(exc, \"screen\", None)\n                stacktrace = getattr(exc, \"stacktrace\", None)\n            if time.monotonic() > end_time:\n                break\n            time.sleep(self._poll)\n>       raise TimeoutException(message, screen, stacktrace)\nE       selenium.common.exceptions.TimeoutException: Message: \nE       Stacktrace:\nE       #0 0x58edb23e72ca <unknown>\nE       #1 0x58edb1e8e550 <unknown>\nE       #2 0x58edb1ee00f0 <unknown>\nE       #3 0x58edb1ee02e1 <unknown>\nE       #4 0x58edb1f2e5e4 <unknown>\nE       #5 0x58edb1f05bed <unknown>\nE       #6 0x58edb1f2b9e6 <unknown>\nE       #7 0x58edb1f05993 <unknown>\nE       #8 0x58edb1ed1d6b <unknown>\nE       #9 0x58edb1ed3141 <unknown>\nE       #10 0x58edb23ac2ab <unknown>\nE       #11 0x58edb23b00b9 <unknown>\nE       #12 0x58edb2393139 <unknown>\nE       #13 0x58edb23b0c68 <unknown>\nE       #14 0x58edb237760f <unknown>\nE       #15 0x58edb23d51f8 <unknown>\nE       #16 0x58edb23d53d6 <unknown>\nE       #17 0x58edb23e65e6 <unknown>\nE       #18 0x74a766754aa4 <unknown>\nE       #19 0x74a7667e1a34 __clone\n\n..\\..\\.venv\\Lib\\site-packages\\selenium\\webdriver\\support\\wait.py:138: TimeoutException"}, "steps": [{"name": "Открыть главную страницу сайта Pizzeria", "status": "passed", "start": 1757615155066, "stop": 1757615158779}, {"name": "Навести курсор на пиццу с ID 425", "status": "passed", "start": 1757615158780, "stop": 1757615159431}, {"name": "Нажать на кнопку «В корзину» для пиццы с ID 425", "status": "passed", "start": 1757615159431, "stop": 1757615159611}, {"name": "Открыть страницу аккаунта", "status": "passed", "start": 1757615159612, "stop": 1757615161887}, {"name": "Ввести имя пользователя", "status": "passed", "start": 1757615161887, "stop": 1757615162080}, {"name": "Ввести пароль", "status": "passed", "start": 1757615162080, "stop": 1757615162185}, {"name": "Нажать на кнопку «Войти»", "status": "passed", "start": 1757615162186, "stop": 1757615162583}, {"name": "Открыть страницу оформления заказа", "status": "passed", "start": 1757615162583, "stop": 1757615163000}, {"name": "Нажать на кнопку «Нажмите для ввода купона»", "status": "passed", "start": 1757615163000, "stop": 1757615163083}, {"name": "Ввести валидный промокод в поле для промокода", "status": "passed", "start": 1757615163083, "stop": 1757615163684}, {"name": "Нажать на кнопку «Применить купон»", "status": "passed", "start": 1757615163684, "stop": 1757615163763}, {"name": "Проверить, что отображается текст в сообщении", "status": "passed", "start": 1757615163763, "stop": 1757615164336}, {"name": "Проверить, что отображается текст в сообщении", "status": "broken", "statusDetails": {"message": "selenium.common.exceptions.TimeoutException: Message: \nStacktrace:\n#0 0x58edb23e72ca <unknown>\n#1 0x58edb1e8e550 <unknown>\n#2 0x58edb1ee00f0 <unknown>\n#3 0x58edb1ee02e1 <unknown>\n#4 0x58edb1f2e5e4 <unknown>\n#5 0x58edb1f05bed <unknown>\n#6 0x58edb1f2b9e6 <unknown>\n#7 0x58edb1f05993 <unknown>\n#8 0x58edb1ed1d6b <unknown>\n#9 0x58edb1ed3141 <unknown>\n#10 0x58edb23ac2ab <unknown>\n#11 0x58edb23b00b9 <unknown>\n#12 0x58edb2393139 <unknown>\n#13 0x58edb23b0c68 <unknown>\n#14 0x58edb237760f <unknown>\n#15 0x58edb23d51f8 <unknown>\n#16 0x58edb23d53d6 <unknown>\n#17 0x58edb23e65e6 <unknown>\n#18 0x74a766754aa4 <unknown>\n#19 0x74a7667e1a34 __clone\n\n", "trace": "  File \"C:\\Users\\Admin\\PycharmProjects\\PythonProject\\src\\utils\\web_helpers\\assertions.py\", line 19, in assert_text_in_element\n    el = WebDriverWait(browser, 30).until(\n        EC.visibility_of_element_located(locator)\n    )\n  File \"C:\\Users\\Admin\\PycharmProjects\\PythonProject\\.venv\\Lib\\site-packages\\selenium\\webdriver\\support\\wait.py\", line 138, in until\n    raise TimeoutException(message, screen, stacktrace)\n"}, "start": 1757615164336, "stop": 1757615194355}], "attachments": [{"name": "log", "source": "ba9a8ff8-d998-49e4-97ef-b42d40c7a567-attachment.txt", "type": "text/plain"}, {"name": "stdout", "source": "5ea20c6e-7726-4221-89b1-2633a3705e3f-attachment.txt", "type": "text/plain"}], "start": 1757615155065, "stop": 1757615194516, "uuid": "3d1ac074-8339-494a-9ff9-bc95b1d70c70", "historyId": "01945bc6aeb04768ddec0a955ef1cf9f", "testCaseId": "01945bc6aeb04768ddec0a955ef1cf9f", "fullName": "tests.checkout_page.test_apply_valid_promocode#test_apply_valid_promocode", "labels": [{"name": "parentSuite", "value": "tests.checkout_page"}, {"name": "suite", "value": "test_apply_valid_promocode"}, {"name": "host", "value": "DESKTOP-2SK90NU"}, {"name": "thread", "value": "8872-MainThread"}, {"name": "framework", "value": "pytest"}, {"name": "language", "value": "cpython3"}, {"name": "package", "value": "tests.checkout_page.test_apply_valid_promocode"}], "titlePath": ["tests", "checkout_page", "test_apply_valid_promocode.py"]}