{"name": "Попытка оформить заказ при пропуске галочки в чекбоксе «terms and conditions»", "status": "broken", "statusDetails": {"message": "selenium.common.exceptions.TimeoutException: Message: \nStacktrace:\n#0 0x578a1dbdf2ca <unknown>\n#1 0x578a1d686550 <unknown>\n#2 0x578a1d6d80f0 <unknown>\n#3 0x578a1d6d82e1 <unknown>\n#4 0x578a1d7265e4 <unknown>\n#5 0x578a1d6fdbed <unknown>\n#6 0x578a1d7239e6 <unknown>\n#7 0x578a1d6fd993 <unknown>\n#8 0x578a1d6c9d6b <unknown>\n#9 0x578a1d6cb141 <unknown>\n#10 0x578a1dba42ab <unknown>\n#11 0x578a1dba80b9 <unknown>\n#12 0x578a1db8b139 <unknown>\n#13 0x578a1dba8c68 <unknown>\n#14 0x578a1db6f60f <unknown>\n#15 0x578a1dbcd1f8 <unknown>\n#16 0x578a1dbcd3d6 <unknown>\n#17 0x578a1dbde5e6 <unknown>\n#18 0x7dd2da34caa4 <unknown>\n#19 0x7dd2da3d9a34 __clone", "trace": "browser = <selenium.webdriver.remote.webdriver.WebDriver (session=\"3ffcd555d478e72d401b939121afb3dd\")>\n\n    @allure.title(\"Попытка оформить заказ при пропуске галочки в чекбоксе «terms and conditions»\")\n    def test_place_order_without_terms_checkbox(browser):\n        logging.info(\"Start test_place_order_without_terms_checkbox\")\n    \n        open_main_page(browser)\n        add_pizza_to_cart(browser, \"425\")\n        open_account_page(browser)\n        fill_auth_form(browser, \"rick deckard\", \"1234\")\n        click_element(browser, (By.XPATH, \"//button[contains(@name, 'login')]\"), \"Нажать на кнопку «Войти»\")\n        open_checkout_page(browser)\n>       click_element(browser, (By.XPATH, \"//button[contains(@id, 'place_order')]\"), \"Нажать на кнопку «Оформить заказ»\")\n\ntest_place_order_without_terms_checkbox.py:20: \n_ _ _ _ _ _ _ _ _ _ _ _ _ _ _ _ _ _ _ _ _ _ _ _ _ _ _ _ _ _ _ _ _ _ _ _ _ _ _ _\n..\\..\\src\\utils\\web_helpers\\browser_actions.py:19: in click_element\n    el = WebDriverWait(browser, 30).until(\n_ _ _ _ _ _ _ _ _ _ _ _ _ _ _ _ _ _ _ _ _ _ _ _ _ _ _ _ _ _ _ _ _ _ _ _ _ _ _ _\n\nself = <selenium.webdriver.support.wait.WebDriverWait (session=\"3ffcd555d478e72d401b939121afb3dd\")>\nmethod = <function element_to_be_clickable.<locals>._predicate at 0x000001B5BFAAC400>\nmessage = ''\n\n    def until(self, method: Callable[[D], Union[Literal[False], T]], message: str = \"\") -> T:\n        \"\"\"Wait until the method returns a value that is not False.\n    \n        Calls the method provided with the driver as an argument until the\n        return value does not evaluate to ``False``.\n    \n        Parameters:\n        -----------\n        method: callable(WebDriver)\n            - A callable object that takes a WebDriver instance as an argument.\n    \n        message: str\n            - Optional message for :exc:`TimeoutException`\n    \n        Return:\n        -------\n        object: T\n            - The result of the last call to `method`\n    \n        Raises:\n        -------\n        TimeoutException\n            - If 'method' does not return a truthy value within the WebDriverWait\n            object's timeout\n    \n        Example:\n        --------\n        >>> from selenium.webdriver.common.by import By\n        >>> from selenium.webdriver.support.ui import WebDriverWait\n        >>> from selenium.webdriver.support import expected_conditions as EC\n    \n        # Wait until an element is visible on the page\n        >>> wait = WebDriverWait(driver, 10)\n        >>> element = wait.until(EC.visibility_of_element_located((By.ID, \"exampleId\")))\n        >>> print(element.text)\n        \"\"\"\n        screen = None\n        stacktrace = None\n    \n        end_time = time.monotonic() + self._timeout\n        while True:\n            try:\n                value = method(self._driver)\n                if value:\n                    return value\n            except self._ignored_exceptions as exc:\n                screen = getattr(exc, \"screen\", None)\n                stacktrace = getattr(exc, \"stacktrace\", None)\n            if time.monotonic() > end_time:\n                break\n            time.sleep(self._poll)\n>       raise TimeoutException(message, screen, stacktrace)\nE       selenium.common.exceptions.TimeoutException: Message: \nE       Stacktrace:\nE       #0 0x578a1dbdf2ca <unknown>\nE       #1 0x578a1d686550 <unknown>\nE       #2 0x578a1d6d80f0 <unknown>\nE       #3 0x578a1d6d82e1 <unknown>\nE       #4 0x578a1d7265e4 <unknown>\nE       #5 0x578a1d6fdbed <unknown>\nE       #6 0x578a1d7239e6 <unknown>\nE       #7 0x578a1d6fd993 <unknown>\nE       #8 0x578a1d6c9d6b <unknown>\nE       #9 0x578a1d6cb141 <unknown>\nE       #10 0x578a1dba42ab <unknown>\nE       #11 0x578a1dba80b9 <unknown>\nE       #12 0x578a1db8b139 <unknown>\nE       #13 0x578a1dba8c68 <unknown>\nE       #14 0x578a1db6f60f <unknown>\nE       #15 0x578a1dbcd1f8 <unknown>\nE       #16 0x578a1dbcd3d6 <unknown>\nE       #17 0x578a1dbde5e6 <unknown>\nE       #18 0x7dd2da34caa4 <unknown>\nE       #19 0x7dd2da3d9a34 __clone\n\n..\\..\\.venv\\Lib\\site-packages\\selenium\\webdriver\\support\\wait.py:138: TimeoutException"}, "steps": [{"name": "Открыть главную страницу сайта Pizzeria", "status": "passed", "start": 1757611413157, "stop": 1757611417010}, {"name": "Навести курсор на пиццу с ID 425", "status": "passed", "start": 1757611417010, "stop": 1757611417310}, {"name": "Нажать на кнопку «В корзину» для пиццы с ID 425", "status": "passed", "start": 1757611417310, "stop": 1757611417397}, {"name": "Открыть страницу аккаунта", "status": "passed", "start": 1757611417398, "stop": 1757611417911}, {"name": "Ввести имя пользователя", "status": "passed", "start": 1757611417911, "stop": 1757611418017}, {"name": "Ввести пароль", "status": "passed", "start": 1757611418017, "stop": 1757611418097}, {"name": "Нажать на кнопку «Войти»", "status": "passed", "start": 1757611418097, "stop": 1757611418181}, {"name": "Открыть страницу оформления заказа", "status": "passed", "start": 1757611418192, "stop": 1757611418850}, {"name": "Нажать на кнопку «Оформить заказ»", "status": "broken", "statusDetails": {"message": "selenium.common.exceptions.TimeoutException: Message: \nStacktrace:\n#0 0x578a1dbdf2ca <unknown>\n#1 0x578a1d686550 <unknown>\n#2 0x578a1d6d80f0 <unknown>\n#3 0x578a1d6d82e1 <unknown>\n#4 0x578a1d7265e4 <unknown>\n#5 0x578a1d6fdbed <unknown>\n#6 0x578a1d7239e6 <unknown>\n#7 0x578a1d6fd993 <unknown>\n#8 0x578a1d6c9d6b <unknown>\n#9 0x578a1d6cb141 <unknown>\n#10 0x578a1dba42ab <unknown>\n#11 0x578a1dba80b9 <unknown>\n#12 0x578a1db8b139 <unknown>\n#13 0x578a1dba8c68 <unknown>\n#14 0x578a1db6f60f <unknown>\n#15 0x578a1dbcd1f8 <unknown>\n#16 0x578a1dbcd3d6 <unknown>\n#17 0x578a1dbde5e6 <unknown>\n#18 0x7dd2da34caa4 <unknown>\n#19 0x7dd2da3d9a34 __clone\n\n", "trace": "  File \"C:\\Users\\Admin\\PycharmProjects\\PythonProject\\src\\utils\\web_helpers\\browser_actions.py\", line 19, in click_element\n    el = WebDriverWait(browser, 30).until(\n        EC.element_to_be_clickable(locator)\n    )\n  File \"C:\\Users\\Admin\\PycharmProjects\\PythonProject\\.venv\\Lib\\site-packages\\selenium\\webdriver\\support\\wait.py\", line 138, in until\n    raise TimeoutException(message, screen, stacktrace)\n"}, "start": 1757611418850, "stop": 1757611448967}], "attachments": [{"name": "log", "source": "365425e6-e2d7-4780-8972-e36854e8d51e-attachment.txt", "type": "text/plain"}, {"name": "stdout", "source": "9fa40530-1216-4f99-b3ba-0a9ca97b7783-attachment.txt", "type": "text/plain"}], "start": 1757611413157, "stop": 1757611448968, "uuid": "bdfe3b60-57e2-46e3-8cad-487509ca699d", "historyId": "a13b1d49d8beee2bc2fce1b6ea0a9a9f", "testCaseId": "a13b1d49d8beee2bc2fce1b6ea0a9a9f", "fullName": "tests.checkout_page.test_place_order_without_terms_checkbox#test_place_order_without_terms_checkbox", "labels": [{"name": "parentSuite", "value": "tests.checkout_page"}, {"name": "suite", "value": "test_place_order_without_terms_checkbox"}, {"name": "host", "value": "DESKTOP-2SK90NU"}, {"name": "thread", "value": "2724-MainThread"}, {"name": "framework", "value": "pytest"}, {"name": "language", "value": "cpython3"}, {"name": "package", "value": "tests.checkout_page.test_place_order_without_terms_checkbox"}], "titlePath": ["tests", "checkout_page", "test_place_order_without_terms_checkbox.py"]}