{"name": "Переход на страницу оформления заказа через навигационное меню", "status": "broken", "statusDetails": {"message": "selenium.common.exceptions.TimeoutException: Message: \nStacktrace:\n#0 0x5ed005ee92ca <unknown>\n#1 0x5ed005990550 <unknown>\n#2 0x5ed0059e20f0 <unknown>\n#3 0x5ed0059e22e1 <unknown>\n#4 0x5ed005a305e4 <unknown>\n#5 0x5ed005a07bed <unknown>\n#6 0x5ed005a2d9e6 <unknown>\n#7 0x5ed005a07993 <unknown>\n#8 0x5ed0059d3d6b <unknown>\n#9 0x5ed0059d5141 <unknown>\n#10 0x5ed005eae2ab <unknown>\n#11 0x5ed005eb20b9 <unknown>\n#12 0x5ed005e95139 <unknown>\n#13 0x5ed005eb2c68 <unknown>\n#14 0x5ed005e7960f <unknown>\n#15 0x5ed005ed71f8 <unknown>\n#16 0x5ed005ed73d6 <unknown>\n#17 0x5ed005ee85e6 <unknown>\n#18 0x7b4db6d90aa4 <unknown>\n#19 0x7b4db6e1da34 __clone", "trace": "browser = <selenium.webdriver.remote.webdriver.WebDriver (session=\"7a19f9fb230158b645ccc8b4a5d4b229\")>\n\n    @allure.title(\"Переход на страницу оформления заказа через навигационное меню\")\n    def test_open_checkout_via_nav_menu(browser):\n        logging.info(\"Start test_open_checkout_via_nav_menu\")\n    \n        open_main_page(browser)\n        add_pizza_to_cart(browser, \"425\")\n        open_account_page(browser)\n        fill_auth_form(browser, \"rick deckard\", \"1234\")\n        click_element(browser, (By.XPATH, \"//button[contains(@name, 'login')]\"), \"Нажать на кнопку «Войти»\")\n        open_checkout_page(browser)\n>       check_checkout_page(browser)\n\ntest_open_checkout_via_nav_menu.py:19: \n_ _ _ _ _ _ _ _ _ _ _ _ _ _ _ _ _ _ _ _ _ _ _ _ _ _ _ _ _ _ _ _ _ _ _ _ _ _ _ _\n..\\..\\src\\actions\\checkout.py:9: in check_checkout_page\n    assert_text_in_element(browser, (By.XPATH, \"(//h3)[1]\"), \"Детали заказа\",\n..\\..\\src\\utils\\web_helpers\\assertions.py:19: in assert_text_in_element\n    el = WebDriverWait(browser, 30).until(\n_ _ _ _ _ _ _ _ _ _ _ _ _ _ _ _ _ _ _ _ _ _ _ _ _ _ _ _ _ _ _ _ _ _ _ _ _ _ _ _\n\nself = <selenium.webdriver.support.wait.WebDriverWait (session=\"7a19f9fb230158b645ccc8b4a5d4b229\")>\nmethod = <function visibility_of_element_located.<locals>._predicate at 0x000001B5BFAACF40>\nmessage = ''\n\n    def until(self, method: Callable[[D], Union[Literal[False], T]], message: str = \"\") -> T:\n        \"\"\"Wait until the method returns a value that is not False.\n    \n        Calls the method provided with the driver as an argument until the\n        return value does not evaluate to ``False``.\n    \n        Parameters:\n        -----------\n        method: callable(WebDriver)\n            - A callable object that takes a WebDriver instance as an argument.\n    \n        message: str\n            - Optional message for :exc:`TimeoutException`\n    \n        Return:\n        -------\n        object: T\n            - The result of the last call to `method`\n    \n        Raises:\n        -------\n        TimeoutException\n            - If 'method' does not return a truthy value within the WebDriverWait\n            object's timeout\n    \n        Example:\n        --------\n        >>> from selenium.webdriver.common.by import By\n        >>> from selenium.webdriver.support.ui import WebDriverWait\n        >>> from selenium.webdriver.support import expected_conditions as EC\n    \n        # Wait until an element is visible on the page\n        >>> wait = WebDriverWait(driver, 10)\n        >>> element = wait.until(EC.visibility_of_element_located((By.ID, \"exampleId\")))\n        >>> print(element.text)\n        \"\"\"\n        screen = None\n        stacktrace = None\n    \n        end_time = time.monotonic() + self._timeout\n        while True:\n            try:\n                value = method(self._driver)\n                if value:\n                    return value\n            except self._ignored_exceptions as exc:\n                screen = getattr(exc, \"screen\", None)\n                stacktrace = getattr(exc, \"stacktrace\", None)\n            if time.monotonic() > end_time:\n                break\n            time.sleep(self._poll)\n>       raise TimeoutException(message, screen, stacktrace)\nE       selenium.common.exceptions.TimeoutException: Message: \nE       Stacktrace:\nE       #0 0x5ed005ee92ca <unknown>\nE       #1 0x5ed005990550 <unknown>\nE       #2 0x5ed0059e20f0 <unknown>\nE       #3 0x5ed0059e22e1 <unknown>\nE       #4 0x5ed005a305e4 <unknown>\nE       #5 0x5ed005a07bed <unknown>\nE       #6 0x5ed005a2d9e6 <unknown>\nE       #7 0x5ed005a07993 <unknown>\nE       #8 0x5ed0059d3d6b <unknown>\nE       #9 0x5ed0059d5141 <unknown>\nE       #10 0x5ed005eae2ab <unknown>\nE       #11 0x5ed005eb20b9 <unknown>\nE       #12 0x5ed005e95139 <unknown>\nE       #13 0x5ed005eb2c68 <unknown>\nE       #14 0x5ed005e7960f <unknown>\nE       #15 0x5ed005ed71f8 <unknown>\nE       #16 0x5ed005ed73d6 <unknown>\nE       #17 0x5ed005ee85e6 <unknown>\nE       #18 0x7b4db6d90aa4 <unknown>\nE       #19 0x7b4db6e1da34 __clone\n\n..\\..\\.venv\\Lib\\site-packages\\selenium\\webdriver\\support\\wait.py:138: TimeoutException"}, "steps": [{"name": "Открыть главную страницу сайта Pizzeria", "status": "passed", "start": 1757611328600, "stop": 1757611331621}, {"name": "Навести курсор на пиццу с ID 425", "status": "passed", "start": 1757611331622, "stop": 1757611332454}, {"name": "Нажать на кнопку «В корзину» для пиццы с ID 425", "status": "passed", "start": 1757611332455, "stop": 1757611332551}, {"name": "Открыть страницу аккаунта", "status": "passed", "start": 1757611332551, "stop": 1757611333061}, {"name": "Ввести имя пользователя", "status": "passed", "start": 1757611333062, "stop": 1757611333167}, {"name": "Ввести пароль", "status": "passed", "start": 1757611333167, "stop": 1757611333249}, {"name": "Нажать на кнопку «Войти»", "status": "passed", "start": 1757611333250, "stop": 1757611333597}, {"name": "Открыть страницу оформления заказа", "status": "passed", "start": 1757611333598, "stop": 1757611333967}, {"name": "Проверить, что отображается заголовок «Оформление заказа»", "status": "passed", "start": 1757611333967, "stop": 1757611334002}, {"name": "Проверить, что отображается подзаголовок «Детали заказа»", "status": "broken", "statusDetails": {"message": "selenium.common.exceptions.TimeoutException: Message: \nStacktrace:\n#0 0x5ed005ee92ca <unknown>\n#1 0x5ed005990550 <unknown>\n#2 0x5ed0059e20f0 <unknown>\n#3 0x5ed0059e22e1 <unknown>\n#4 0x5ed005a305e4 <unknown>\n#5 0x5ed005a07bed <unknown>\n#6 0x5ed005a2d9e6 <unknown>\n#7 0x5ed005a07993 <unknown>\n#8 0x5ed0059d3d6b <unknown>\n#9 0x5ed0059d5141 <unknown>\n#10 0x5ed005eae2ab <unknown>\n#11 0x5ed005eb20b9 <unknown>\n#12 0x5ed005e95139 <unknown>\n#13 0x5ed005eb2c68 <unknown>\n#14 0x5ed005e7960f <unknown>\n#15 0x5ed005ed71f8 <unknown>\n#16 0x5ed005ed73d6 <unknown>\n#17 0x5ed005ee85e6 <unknown>\n#18 0x7b4db6d90aa4 <unknown>\n#19 0x7b4db6e1da34 __clone\n\n", "trace": "  File \"C:\\Users\\Admin\\PycharmProjects\\PythonProject\\src\\utils\\web_helpers\\assertions.py\", line 19, in assert_text_in_element\n    el = WebDriverWait(browser, 30).until(\n        EC.visibility_of_element_located(locator)\n    )\n  File \"C:\\Users\\Admin\\PycharmProjects\\PythonProject\\.venv\\Lib\\site-packages\\selenium\\webdriver\\support\\wait.py\", line 138, in until\n    raise TimeoutException(message, screen, stacktrace)\n"}, "start": 1757611334002, "stop": 1757611364178}], "attachments": [{"name": "log", "source": "f87c477d-1711-40fe-b904-b4234b5cd923-attachment.txt", "type": "text/plain"}, {"name": "stdout", "source": "2bb6aad4-4ccb-4e81-afab-8d90017a8157-attachment.txt", "type": "text/plain"}], "start": 1757611328600, "stop": 1757611364179, "uuid": "cb290af6-05ed-4f4d-8891-65fb49601c55", "historyId": "8eb834c7cfdd7424ca7e2baa6dd291d0", "testCaseId": "8eb834c7cfdd7424ca7e2baa6dd291d0", "fullName": "tests.checkout_page.test_open_checkout_via_nav_menu#test_open_checkout_via_nav_menu", "labels": [{"name": "parentSuite", "value": "tests.checkout_page"}, {"name": "suite", "value": "test_open_checkout_via_nav_menu"}, {"name": "host", "value": "DESKTOP-2SK90NU"}, {"name": "thread", "value": "2724-MainThread"}, {"name": "framework", "value": "pytest"}, {"name": "language", "value": "cpython3"}, {"name": "package", "value": "tests.checkout_page.test_open_checkout_via_nav_menu"}], "titlePath": ["tests", "checkout_page", "test_open_checkout_via_nav_menu.py"]}