{"name": "Применение валидного промокода", "status": "broken", "statusDetails": {"message": "selenium.common.exceptions.TimeoutException: Message: \nStacktrace:\n#0 0x56297e11d2ca <unknown>\n#1 0x56297dbc4550 <unknown>\n#2 0x56297dc160f0 <unknown>\n#3 0x56297dc162e1 <unknown>\n#4 0x56297dc645e4 <unknown>\n#5 0x56297dc3bbed <unknown>\n#6 0x56297dc619e6 <unknown>\n#7 0x56297dc3b993 <unknown>\n#8 0x56297dc07d6b <unknown>\n#9 0x56297dc09141 <unknown>\n#10 0x56297e0e22ab <unknown>\n#11 0x56297e0e60b9 <unknown>\n#12 0x56297e0c9139 <unknown>\n#13 0x56297e0e6c68 <unknown>\n#14 0x56297e0ad60f <unknown>\n#15 0x56297e10b1f8 <unknown>\n#16 0x56297e10b3d6 <unknown>\n#17 0x56297e11c5e6 <unknown>\n#18 0x73349e565aa4 <unknown>\n#19 0x73349e5f2a34 __clone", "trace": "browser = <selenium.webdriver.remote.webdriver.WebDriver (session=\"25a53b9690fd2eb9236d61d1354f2dd5\")>\n\n    @allure.title(\"Применение валидного промокода\")\n    def test_apply_valid_promocode(browser):\n        logging.info(\"Start test_apply_valid_promocode\")\n    \n        open_main_page(browser)\n        add_pizza_to_cart(browser, \"425\")\n        open_account_page(browser)\n        fill_auth_form(browser, \"rick deckard\", \"1234\")\n        click_element(browser, (By.XPATH, \"//button[contains(@name, 'login')]\"), \"Нажать на кнопку «Войти»\")\n        open_checkout_page(browser)\n        click_element(browser, (By.XPATH, \"//a[contains(@class, 'showcoupon')]\"), \"Нажать на кнопку «Нажмите для ввода купона»\")\n        input_text(browser, (By.XPATH, \"//input[contains(@id, 'coupon_code')]\"), \"GIVEMEHALYAVA\", \"Ввести валидный промокод в поле для промокода\")\n        click_element(browser, (By.XPATH, \"//button[contains(@name, 'apply_coupon')]\"), \"Нажать на кнопку «Применить купон»\")\n        assert_text_in_element(browser, (By.XPATH, \"//div[contains(@class, 'woocommerce-message')]\"), \"Coupon code applied successfully\",\n                               \"Проверить, что отображается текст в сообщении\")\n>       assert_text_in_element(browser, (By.XPATH, \"//tr[contains(@class, 'cart-discount coupon-givemehalyava')]//th\"),\n                               \"Купон: givemehalyava\",\"Проверить, что отображается текст в сообщении\")\n\ntest_apply_valid_promocode.py:24: \n_ _ _ _ _ _ _ _ _ _ _ _ _ _ _ _ _ _ _ _ _ _ _ _ _ _ _ _ _ _ _ _ _ _ _ _ _ _ _ _\n..\\..\\src\\utils\\web_helpers\\assertions.py:19: in assert_text_in_element\n    el = WebDriverWait(browser, 30).until(\n_ _ _ _ _ _ _ _ _ _ _ _ _ _ _ _ _ _ _ _ _ _ _ _ _ _ _ _ _ _ _ _ _ _ _ _ _ _ _ _\n\nself = <selenium.webdriver.support.wait.WebDriverWait (session=\"25a53b9690fd2eb9236d61d1354f2dd5\")>\nmethod = <function visibility_of_element_located.<locals>._predicate at 0x000001B5BFAAC540>\nmessage = ''\n\n    def until(self, method: Callable[[D], Union[Literal[False], T]], message: str = \"\") -> T:\n        \"\"\"Wait until the method returns a value that is not False.\n    \n        Calls the method provided with the driver as an argument until the\n        return value does not evaluate to ``False``.\n    \n        Parameters:\n        -----------\n        method: callable(WebDriver)\n            - A callable object that takes a WebDriver instance as an argument.\n    \n        message: str\n            - Optional message for :exc:`TimeoutException`\n    \n        Return:\n        -------\n        object: T\n            - The result of the last call to `method`\n    \n        Raises:\n        -------\n        TimeoutException\n            - If 'method' does not return a truthy value within the WebDriverWait\n            object's timeout\n    \n        Example:\n        --------\n        >>> from selenium.webdriver.common.by import By\n        >>> from selenium.webdriver.support.ui import WebDriverWait\n        >>> from selenium.webdriver.support import expected_conditions as EC\n    \n        # Wait until an element is visible on the page\n        >>> wait = WebDriverWait(driver, 10)\n        >>> element = wait.until(EC.visibility_of_element_located((By.ID, \"exampleId\")))\n        >>> print(element.text)\n        \"\"\"\n        screen = None\n        stacktrace = None\n    \n        end_time = time.monotonic() + self._timeout\n        while True:\n            try:\n                value = method(self._driver)\n                if value:\n                    return value\n            except self._ignored_exceptions as exc:\n                screen = getattr(exc, \"screen\", None)\n                stacktrace = getattr(exc, \"stacktrace\", None)\n            if time.monotonic() > end_time:\n                break\n            time.sleep(self._poll)\n>       raise TimeoutException(message, screen, stacktrace)\nE       selenium.common.exceptions.TimeoutException: Message: \nE       Stacktrace:\nE       #0 0x56297e11d2ca <unknown>\nE       #1 0x56297dbc4550 <unknown>\nE       #2 0x56297dc160f0 <unknown>\nE       #3 0x56297dc162e1 <unknown>\nE       #4 0x56297dc645e4 <unknown>\nE       #5 0x56297dc3bbed <unknown>\nE       #6 0x56297dc619e6 <unknown>\nE       #7 0x56297dc3b993 <unknown>\nE       #8 0x56297dc07d6b <unknown>\nE       #9 0x56297dc09141 <unknown>\nE       #10 0x56297e0e22ab <unknown>\nE       #11 0x56297e0e60b9 <unknown>\nE       #12 0x56297e0c9139 <unknown>\nE       #13 0x56297e0e6c68 <unknown>\nE       #14 0x56297e0ad60f <unknown>\nE       #15 0x56297e10b1f8 <unknown>\nE       #16 0x56297e10b3d6 <unknown>\nE       #17 0x56297e11c5e6 <unknown>\nE       #18 0x73349e565aa4 <unknown>\nE       #19 0x73349e5f2a34 __clone\n\n..\\..\\.venv\\Lib\\site-packages\\selenium\\webdriver\\support\\wait.py:138: TimeoutException"}, "steps": [{"name": "Открыть главную страницу сайта Pizzeria", "status": "passed", "start": 1757611218089, "stop": 1757611221242}, {"name": "Навести курсор на пиццу с ID 425", "status": "passed", "start": 1757611221242, "stop": 1757611222072}, {"name": "Нажать на кнопку «В корзину» для пиццы с ID 425", "status": "passed", "start": 1757611222072, "stop": 1757611222170}, {"name": "Открыть страницу аккаунта", "status": "passed", "start": 1757611222170, "stop": 1757611222705}, {"name": "Ввести имя пользователя", "status": "passed", "start": 1757611222705, "stop": 1757611222810}, {"name": "Ввести пароль", "status": "passed", "start": 1757611222811, "stop": 1757611222894}, {"name": "Нажать на кнопку «Войти»", "status": "passed", "start": 1757611222894, "stop": 1757611223153}, {"name": "Открыть страницу оформления заказа", "status": "passed", "start": 1757611223153, "stop": 1757611223590}, {"name": "Нажать на кнопку «Нажмите для ввода купона»", "status": "passed", "start": 1757611223590, "stop": 1757611223675}, {"name": "Ввести валидный промокод в поле для промокода", "status": "passed", "start": 1757611223676, "stop": 1757611224310}, {"name": "Нажать на кнопку «Применить купон»", "status": "passed", "start": 1757611224310, "stop": 1757611224393}, {"name": "Проверить, что отображается текст в сообщении", "status": "passed", "start": 1757611224393, "stop": 1757611224949}, {"name": "Проверить, что отображается текст в сообщении", "status": "broken", "statusDetails": {"message": "selenium.common.exceptions.TimeoutException: Message: \nStacktrace:\n#0 0x56297e11d2ca <unknown>\n#1 0x56297dbc4550 <unknown>\n#2 0x56297dc160f0 <unknown>\n#3 0x56297dc162e1 <unknown>\n#4 0x56297dc645e4 <unknown>\n#5 0x56297dc3bbed <unknown>\n#6 0x56297dc619e6 <unknown>\n#7 0x56297dc3b993 <unknown>\n#8 0x56297dc07d6b <unknown>\n#9 0x56297dc09141 <unknown>\n#10 0x56297e0e22ab <unknown>\n#11 0x56297e0e60b9 <unknown>\n#12 0x56297e0c9139 <unknown>\n#13 0x56297e0e6c68 <unknown>\n#14 0x56297e0ad60f <unknown>\n#15 0x56297e10b1f8 <unknown>\n#16 0x56297e10b3d6 <unknown>\n#17 0x56297e11c5e6 <unknown>\n#18 0x73349e565aa4 <unknown>\n#19 0x73349e5f2a34 __clone\n\n", "trace": "  File \"C:\\Users\\Admin\\PycharmProjects\\PythonProject\\src\\utils\\web_helpers\\assertions.py\", line 19, in assert_text_in_element\n    el = WebDriverWait(browser, 30).until(\n        EC.visibility_of_element_located(locator)\n    )\n  File \"C:\\Users\\Admin\\PycharmProjects\\PythonProject\\.venv\\Lib\\site-packages\\selenium\\webdriver\\support\\wait.py\", line 138, in until\n    raise TimeoutException(message, screen, stacktrace)\n"}, "start": 1757611224949, "stop": 1757611255180}], "attachments": [{"name": "log", "source": "b7395fdc-7bfb-4427-a723-fb1b2893221a-attachment.txt", "type": "text/plain"}, {"name": "stdout", "source": "8e83e663-e68c-4d1a-bae6-91ebc71735cf-attachment.txt", "type": "text/plain"}], "start": 1757611218088, "stop": 1757611255193, "uuid": "b9995a81-d6cf-44ec-8e01-c8f4f8dcb7ac", "historyId": "01945bc6aeb04768ddec0a955ef1cf9f", "testCaseId": "01945bc6aeb04768ddec0a955ef1cf9f", "fullName": "tests.checkout_page.test_apply_valid_promocode#test_apply_valid_promocode", "labels": [{"name": "parentSuite", "value": "tests.checkout_page"}, {"name": "suite", "value": "test_apply_valid_promocode"}, {"name": "host", "value": "DESKTOP-2SK90NU"}, {"name": "thread", "value": "2724-MainThread"}, {"name": "framework", "value": "pytest"}, {"name": "language", "value": "cpython3"}, {"name": "package", "value": "tests.checkout_page.test_apply_valid_promocode"}], "titlePath": ["tests", "checkout_page", "test_apply_valid_promocode.py"]}