{"name": "Попытка оформить заказ неавторизованным пользователем", "status": "broken", "statusDetails": {"message": "selenium.common.exceptions.TimeoutException: Message: \nStacktrace:\n#0 0x60afdb63c2ca <unknown>\n#1 0x60afdb0e3550 <unknown>\n#2 0x60afdb1350f0 <unknown>\n#3 0x60afdb1352e1 <unknown>\n#4 0x60afdb1835e4 <unknown>\n#5 0x60afdb15abed <unknown>\n#6 0x60afdb1809e6 <unknown>\n#7 0x60afdb15a993 <unknown>\n#8 0x60afdb126d6b <unknown>\n#9 0x60afdb128141 <unknown>\n#10 0x60afdb6012ab <unknown>\n#11 0x60afdb6050b9 <unknown>\n#12 0x60afdb5e8139 <unknown>\n#13 0x60afdb605c68 <unknown>\n#14 0x60afdb5cc60f <unknown>\n#15 0x60afdb62a1f8 <unknown>\n#16 0x60afdb62a3d6 <unknown>\n#17 0x60afdb63b5e6 <unknown>\n#18 0x78703dd33aa4 <unknown>\n#19 0x78703ddc0a34 __clone", "trace": "browser = <selenium.webdriver.remote.webdriver.WebDriver (session=\"01981530a78b59a4637805d16c8d96ec\")>\n\n    @allure.title(\"Попытка оформить заказ неавторизованным пользователем\")\n    def test_checkout_not_authorized_user(browser):\n        logging.info(\"Start test_checkout_not_authorized_user\")\n    \n        open_main_page(browser)\n        add_pizza_to_cart(browser, \"425\")\n        open_checkout_page(browser)\n>       assert_text_in_element(browser, (By.XPATH, \"(//div[contains(@class, 'woocommerce-info')])[1]\"),\n                               \"Зарегистрированы на сайте?\", \"Проверить, что отображается текст в сообщении\")\n\ntest_checkout_not_authorized_user.py:15: \n_ _ _ _ _ _ _ _ _ _ _ _ _ _ _ _ _ _ _ _ _ _ _ _ _ _ _ _ _ _ _ _ _ _ _ _ _ _ _ _\n..\\..\\src\\utils\\web_helpers\\assertions.py:19: in assert_text_in_element\n    el = WebDriverWait(browser, 30).until(\n_ _ _ _ _ _ _ _ _ _ _ _ _ _ _ _ _ _ _ _ _ _ _ _ _ _ _ _ _ _ _ _ _ _ _ _ _ _ _ _\n\nself = <selenium.webdriver.support.wait.WebDriverWait (session=\"01981530a78b59a4637805d16c8d96ec\")>\nmethod = <function visibility_of_element_located.<locals>._predicate at 0x0000016111F02020>\nmessage = ''\n\n    def until(self, method: Callable[[D], Union[Literal[False], T]], message: str = \"\") -> T:\n        \"\"\"Wait until the method returns a value that is not False.\n    \n        Calls the method provided with the driver as an argument until the\n        return value does not evaluate to ``False``.\n    \n        Parameters:\n        -----------\n        method: callable(WebDriver)\n            - A callable object that takes a WebDriver instance as an argument.\n    \n        message: str\n            - Optional message for :exc:`TimeoutException`\n    \n        Return:\n        -------\n        object: T\n            - The result of the last call to `method`\n    \n        Raises:\n        -------\n        TimeoutException\n            - If 'method' does not return a truthy value within the WebDriverWait\n            object's timeout\n    \n        Example:\n        --------\n        >>> from selenium.webdriver.common.by import By\n        >>> from selenium.webdriver.support.ui import WebDriverWait\n        >>> from selenium.webdriver.support import expected_conditions as EC\n    \n        # Wait until an element is visible on the page\n        >>> wait = WebDriverWait(driver, 10)\n        >>> element = wait.until(EC.visibility_of_element_located((By.ID, \"exampleId\")))\n        >>> print(element.text)\n        \"\"\"\n        screen = None\n        stacktrace = None\n    \n        end_time = time.monotonic() + self._timeout\n        while True:\n            try:\n                value = method(self._driver)\n                if value:\n                    return value\n            except self._ignored_exceptions as exc:\n                screen = getattr(exc, \"screen\", None)\n                stacktrace = getattr(exc, \"stacktrace\", None)\n            if time.monotonic() > end_time:\n                break\n            time.sleep(self._poll)\n>       raise TimeoutException(message, screen, stacktrace)\nE       selenium.common.exceptions.TimeoutException: Message: \nE       Stacktrace:\nE       #0 0x60afdb63c2ca <unknown>\nE       #1 0x60afdb0e3550 <unknown>\nE       #2 0x60afdb1350f0 <unknown>\nE       #3 0x60afdb1352e1 <unknown>\nE       #4 0x60afdb1835e4 <unknown>\nE       #5 0x60afdb15abed <unknown>\nE       #6 0x60afdb1809e6 <unknown>\nE       #7 0x60afdb15a993 <unknown>\nE       #8 0x60afdb126d6b <unknown>\nE       #9 0x60afdb128141 <unknown>\nE       #10 0x60afdb6012ab <unknown>\nE       #11 0x60afdb6050b9 <unknown>\nE       #12 0x60afdb5e8139 <unknown>\nE       #13 0x60afdb605c68 <unknown>\nE       #14 0x60afdb5cc60f <unknown>\nE       #15 0x60afdb62a1f8 <unknown>\nE       #16 0x60afdb62a3d6 <unknown>\nE       #17 0x60afdb63b5e6 <unknown>\nE       #18 0x78703dd33aa4 <unknown>\nE       #19 0x78703ddc0a34 __clone\n\n..\\..\\.venv\\Lib\\site-packages\\selenium\\webdriver\\support\\wait.py:138: TimeoutException"}, "steps": [{"name": "Открыть главную страницу сайта Pizzeria", "status": "passed", "start": 1757612554721, "stop": 1757612558178}, {"name": "Навести курсор на пиццу с ID 425", "status": "passed", "start": 1757612558178, "stop": 1757612559002}, {"name": "Нажать на кнопку «В корзину» для пиццы с ID 425", "status": "passed", "start": 1757612559003, "stop": 1757612559091}, {"name": "Открыть страницу оформления заказа", "status": "passed", "start": 1757612559091, "stop": 1757612559828}, {"name": "Проверить, что отображается текст в сообщении", "status": "broken", "statusDetails": {"message": "selenium.common.exceptions.TimeoutException: Message: \nStacktrace:\n#0 0x60afdb63c2ca <unknown>\n#1 0x60afdb0e3550 <unknown>\n#2 0x60afdb1350f0 <unknown>\n#3 0x60afdb1352e1 <unknown>\n#4 0x60afdb1835e4 <unknown>\n#5 0x60afdb15abed <unknown>\n#6 0x60afdb1809e6 <unknown>\n#7 0x60afdb15a993 <unknown>\n#8 0x60afdb126d6b <unknown>\n#9 0x60afdb128141 <unknown>\n#10 0x60afdb6012ab <unknown>\n#11 0x60afdb6050b9 <unknown>\n#12 0x60afdb5e8139 <unknown>\n#13 0x60afdb605c68 <unknown>\n#14 0x60afdb5cc60f <unknown>\n#15 0x60afdb62a1f8 <unknown>\n#16 0x60afdb62a3d6 <unknown>\n#17 0x60afdb63b5e6 <unknown>\n#18 0x78703dd33aa4 <unknown>\n#19 0x78703ddc0a34 __clone\n\n", "trace": "  File \"C:\\Users\\Admin\\PycharmProjects\\PythonProject\\src\\utils\\web_helpers\\assertions.py\", line 19, in assert_text_in_element\n    el = WebDriverWait(browser, 30).until(\n        EC.visibility_of_element_located(locator)\n    )\n  File \"C:\\Users\\Admin\\PycharmProjects\\PythonProject\\.venv\\Lib\\site-packages\\selenium\\webdriver\\support\\wait.py\", line 138, in until\n    raise TimeoutException(message, screen, stacktrace)\n"}, "start": 1757612559828, "stop": 1757612589918}], "attachments": [{"name": "log", "source": "1402be1c-c223-4e3e-8ad3-738eff072de7-attachment.txt", "type": "text/plain"}, {"name": "stdout", "source": "4ae0f232-4df0-44ca-b092-98bc5d16eb6a-attachment.txt", "type": "text/plain"}], "start": 1757612554720, "stop": 1757612589927, "uuid": "dd216ea6-f40a-48c1-858d-df173b238884", "historyId": "662cd96a37b7323f11f6b0b68671a8b8", "testCaseId": "662cd96a37b7323f11f6b0b68671a8b8", "fullName": "tests.checkout_page.test_checkout_not_authorized_user#test_checkout_not_authorized_user", "labels": [{"name": "parentSuite", "value": "tests.checkout_page"}, {"name": "suite", "value": "test_checkout_not_authorized_user"}, {"name": "host", "value": "DESKTOP-2SK90NU"}, {"name": "thread", "value": "7040-MainThread"}, {"name": "framework", "value": "pytest"}, {"name": "language", "value": "cpython3"}, {"name": "package", "value": "tests.checkout_page.test_checkout_not_authorized_user"}], "titlePath": ["tests", "checkout_page", "test_checkout_not_authorized_user.py"]}